2016-10-05 13:54:04,503 - SimpleLog4JLogSystem initialized using logfile 'velocity.log'
2016-10-05 13:54:04,503 - ************************************************************** 
2016-10-05 13:54:04,503 - Starting Jakarta Velocity v1.4
2016-10-05 13:54:04,503 - RuntimeInstance initializing.
2016-10-05 13:54:04,503 - Default Properties File: org\apache\velocity\runtime\defaults\velocity.properties
2016-10-05 13:54:04,503 - Trying to use logger class org.apache.velocity.runtime.log.SimpleLog4JLogSystem
2016-10-05 13:54:04,503 - Using logger class org.apache.velocity.runtime.log.SimpleLog4JLogSystem
2016-10-05 13:54:04,503 - Default ResourceManager initializing. (class org.apache.velocity.runtime.resource.ResourceManagerImpl)
2016-10-05 13:54:04,521 - Resource Loader Instantiated: org.apache.velocity.runtime.resource.loader.ClasspathResourceLoader
2016-10-05 13:54:04,521 - ClasspathResourceLoader : initialization starting.
2016-10-05 13:54:04,522 - ClasspathResourceLoader : initialization complete.
2016-10-05 13:54:04,528 - ResourceCache : initialized. (class org.apache.velocity.runtime.resource.ResourceCacheImpl)
2016-10-05 13:54:04,528 - Default ResourceManager initialization complete.
2016-10-05 13:54:04,528 - Loaded System Directive: org.apache.velocity.runtime.directive.Literal
2016-10-05 13:54:04,528 - Loaded System Directive: org.apache.velocity.runtime.directive.Macro
2016-10-05 13:54:04,528 - Loaded System Directive: org.apache.velocity.runtime.directive.Parse
2016-10-05 13:54:04,528 - Loaded System Directive: org.apache.velocity.runtime.directive.Include
2016-10-05 13:54:04,544 - Loaded System Directive: org.apache.velocity.runtime.directive.Foreach
2016-10-05 13:54:04,575 - Created: 20 parsers.
2016-10-05 13:54:04,591 - Velocimacro : initialization starting.
2016-10-05 13:54:04,591 - Velocimacro : adding VMs from VM library template : VM_global_library.vm
2016-10-05 13:54:04,591 - ResourceManager : unable to find resource 'VM_global_library.vm' in any resource loader.
2016-10-05 13:54:04,591 - Velocimacro : error using  VM library template VM_global_library.vm : org.apache.velocity.exception.ResourceNotFoundException: Unable to find resource 'VM_global_library.vm'
2016-10-05 13:54:04,591 - Velocimacro :  VM library template macro registration complete.
2016-10-05 13:54:04,591 - Velocimacro : allowInline = true : VMs can be defined inline in templates
2016-10-05 13:54:04,591 - Velocimacro : allowInlineToOverride = false : VMs defined inline may NOT replace previous VM definitions
2016-10-05 13:54:04,591 - Velocimacro : allowInlineLocal = false : VMs defined inline will be  global in scope if allowed.
2016-10-05 13:54:04,591 - Velocimacro : messages on  : VM system will output logging messages
2016-10-05 13:54:04,591 - Velocimacro : autoload off  : VM system will not automatically reload global library macros
2016-10-05 13:54:04,591 - Velocimacro : initialization complete.
2016-10-05 13:54:04,591 - Velocity successfully started.
